[2023-04-16 11:35:10,449][root][INFO] - CFG's local_rank=-1
[2023-04-16 11:35:10,449][root][INFO] - Env WORLD_SIZE=None
[2023-04-16 11:35:10,450][root][INFO] - Initialized host www-System-Product-Name as d.rank -1 on device=cuda, n_gpu=1, world size=1
[2023-04-16 11:35:10,450][root][INFO] - 16-bits training: False 
[2023-04-16 11:35:10,451][root][INFO] - CFG (after gpu  configuration):
[2023-04-16 11:35:10,455][root][INFO] - encoder:
  encoder_model_type: hf_bert
  pretrained_model_cfg: gdario/biobert_bioasq
  pretrained_file: null
  projection_dim: 0
  sequence_length: 300
  dropout: 0.1
  fix_ctx_encoder: false
  pretrained: true
train:
  eval_step: 500
  batch_size: 16
  dev_batch_size: 16
  adam_eps: 1.0e-08
  adam_betas: (0.9, 0.999)
  max_grad_norm: 1.0
  log_batch_step: 100
  train_rolling_loss_step: 100
  weight_decay: 0.0
  learning_rate: 1.0e-05
  warmup_steps: 0
  gradient_accumulation_steps: 1
  num_train_epochs: 30
datasets:
  nq_train:
    _target_: dpr.data.biencoder_data.JsonQADataset
    file: data.retriever.nq-train
  nq_train_hn1:
    _target_: dpr.data.biencoder_data.JsonQADataset
    file: data.retriever.nq-adv-hn-train
  nq_dev:
    _target_: dpr.data.biencoder_data.JsonQADataset
    file: data.retriever.nq-dev
  trivia_train:
    _target_: dpr.data.biencoder_data.JsonQADataset
    file: data.retriever.trivia-train
  trivia_dev:
    _target_: dpr.data.biencoder_data.JsonQADataset
    file: data.retriever.trivia-dev
  squad1_train:
    _target_: dpr.data.biencoder_data.JsonQADataset
    file: data.retriever.squad1-train
  squad1_dev:
    _target_: dpr.data.biencoder_data.JsonQADataset
    file: data.retriever.squad1-dev
  webq_train:
    _target_: dpr.data.biencoder_data.JsonQADataset
    file: data.retriever.webq-train
  webq_dev:
    _target_: dpr.data.biencoder_data.JsonQADataset
    file: data.retriever.webq-dev
  curatedtrec_train:
    _target_: dpr.data.biencoder_data.JsonQADataset
    file: data.retriever.curatedtrec-train
  curatedtrec_dev:
    _target_: dpr.data.biencoder_data.JsonQADataset
    file: data.retriever.curatedtrec-dev
  sleep_train:
    _target_: dpr.data.biencoder_data.JsonQADataset
    file: ../../../../data/training/sleep-train.json
  sleep_dev:
    _target_: dpr.data.biencoder_data.JsonQADataset
    file: ../../../../data/training/sleep-dev.json
model_file: null
do_lower_case: true
seed: 42
train_files:
- sleep_train
dev_files: sleep_dev
passages_per_question: 2
passages_per_question_predict: 2
output_dir: reader_checkpoints/
max_n_answers: 10
max_answer_length: 20
eval_top_docs:
- 50
checkpoint_file_name: dpr_extractive_reader
prediction_results_file: null
fully_resumable: false
gold_passages_src: null
gold_passages_src_dev: null
num_workers: 1
local_rank: -1
global_loss_buf_sz: 150000
device: cuda
distributed_world_size: 1
distributed_port: null
no_cuda: false
n_gpu: 1
fp16: false
fp16_opt_level: O1
special_tokens: null

[2023-04-16 11:35:10,456][root][INFO] - ***** Initializing components for training *****
[2023-04-16 11:35:10,456][root][INFO] - Checkpoint files []
[2023-04-16 11:35:10,776][dpr.models.hf_models][INFO] - Initializing HF BERT Encoder. cfg_name=gdario/biobert_bioasq
